<?xml version="1.0" encoding="UTF-8"?>
<!-- Generated by org.testng.reporters.JUnitReportReporter -->
<testsuite skipped="0" hostname="Anees" name="com.qa.testScripts.TC_Flipkart_06" tests="1" failures="0" timestamp="2021-09-14T17:08:43 IST" time="158.661" errors="0">
  <testcase name="bookingFlightTct" time="158.661" classname="com.qa.testScripts.TC_Flipkart_06"/>
  <system-out/>
</testsuite> <!-- com.qa.testScripts.TC_Flipkart_06 -->
