<?xml version="1.0" encoding="UTF-8"?>
<!-- Generated by org.testng.reporters.JUnitReportReporter -->
<testsuite skipped="0" hostname="Anees" name="com.qa.testScripts.TC_Electronics_01" tests="1" failures="0" timestamp="2021-09-16T16:33:17 IST" time="25.323" errors="0">
  <testcase name="handleElectronics" time="25.323" classname="com.qa.testScripts.TC_Electronics_01"/>
  <system-out>
    <![CDATA[The Searched Item is in cart1]]>
  </system-out>
</testsuite> <!-- com.qa.testScripts.TC_Electronics_01 -->
