<?xml version="1.0" encoding="UTF-8"?>
<!-- Generated by org.testng.reporters.JUnitReportReporter -->
<testsuite skipped="0" hostname="Anees" name="com.qa.testScripts.TC_Flipkart_03" tests="1" failures="0" timestamp="2021-09-15T19:21:53 IST" time="27.806" errors="0">
  <testcase name="purschaseItem" time="27.806" classname="com.qa.testScripts.TC_Flipkart_03"/>
  <system-out>
    <![CDATA[Relevance]]>
  </system-out>
</testsuite> <!-- com.qa.testScripts.TC_Flipkart_03 -->
