<?xml version="1.0" encoding="UTF-8"?>
<!-- Generated by org.testng.reporters.JUnitReportReporter -->
<testsuite skipped="0" hostname="Anees" name="com.qa.testScripts.TC_Flipkart_05" tests="3" failures="0" timestamp="2021-09-14T17:08:43 IST" time="31.412" errors="0">
  <testcase name="login" time="0.261" classname="com.qa.testScripts.TC_Flipkart_05"/>
  <system-out/>
  <testcase name="handleAppliances" time="23.779" classname="com.qa.testScripts.TC_Flipkart_05"/>
  <system-out/>
  <testcase name="logOut" time="7.372" classname="com.qa.testScripts.TC_Flipkart_05"/>
  <system-out/>
</testsuite> <!-- com.qa.testScripts.TC_Flipkart_05 -->
