<?xml version="1.0" encoding="UTF-8"?>
<!-- Generated by org.testng.reporters.JUnitReportReporter -->
<testsuite skipped="0" hostname="Anees" name="AutomateFlipkartWebsite" tests="1" failures="0" timestamp="2021-09-08T10:20:16 IST" time="18.206" errors="0">
  <testcase name="getFashionista" time="18.206" classname="AutomateFlipkartWebsite"/>
  <system-out/>
</testsuite> <!-- AutomateFlipkartWebsite -->
