<?xml version="1.0" encoding="UTF-8"?>
<!-- Generated by org.testng.reporters.JUnitReportReporter -->
<testsuite skipped="0" hostname="Anees" name="com.qa.testScripts.TC_Advertisment_01" tests="1" failures="0" timestamp="2021-09-21T19:27:50 IST" time="34.713" errors="0">
  <testcase name="handleAdvertisement" time="34.713" classname="com.qa.testScripts.TC_Advertisment_01"/>
  <system-out>
    <![CDATA[The Searched Item is: Presesnt ]]>
  </system-out>
</testsuite> <!-- com.qa.testScripts.TC_Advertisment_01 -->
