<?xml version="1.0" encoding="UTF-8"?>
<!-- Generated by org.testng.reporters.JUnitReportReporter -->
<testsuite skipped="0" hostname="Anees" name="com.qa.testScripts.TC_HomePageValidation_01" tests="1" failures="0" timestamp="2021-09-21T20:38:16 IST" time="4.011" errors="0">
  <testcase name="handleElectronics" time="4.011" classname="com.qa.testScripts.TC_HomePageValidation_01"/>
  <system-out>
    <![CDATA[User is in Home page]]>
  </system-out>
</testsuite> <!-- com.qa.testScripts.TC_HomePageValidation_01 -->
