<?xml version="1.0" encoding="UTF-8"?>
<!-- Generated by org.testng.reporters.JUnitReportReporter -->
<testsuite skipped="0" hostname="Anees" name="com.qa.testScripts.TC_Asharsh_01" tests="1" failures="0" timestamp="2021-09-12T11:12:30 IST" time="19.581" errors="0">
  <testcase name="handleElectronics" time="19.581" classname="com.qa.testScripts.TC_Asharsh_01"/>
  <system-out/>
</testsuite> <!-- com.qa.testScripts.TC_Asharsh_01 -->
