<?xml version="1.0" encoding="UTF-8"?>
<!-- Generated by org.testng.reporters.JUnitReportReporter -->
<testsuite skipped="0" hostname="Anees" name="com.qa.testScripts.TC_Flipkart_01" tests="3" failures="0" timestamp="2021-09-15T15:18:03 IST" time="43.860" errors="1">
  <testcase name="handleLogin" time="4.733" classname="com.qa.testScripts.TC_Flipkart_01"/>
  <system-out>
    <![CDATA[========LOGIN SUCCESFULL==========]]>
  </system-out>
  <testcase name="superCoin" time="30.447" classname="com.qa.testScripts.TC_Flipkart_01">
    <error type="java.lang.NumberFormatException" message="For input string: &quot;&quot;">
      <![CDATA[java.lang.NumberFormatException: For input string: ""
at java.lang.NumberFormatException.forInputString(NumberFormatException.java:65)
at java.lang.Integer.parseInt(Integer.java:592)
at java.lang.Integer.parseInt(Integer.java:615)
at com.qa.testScripts.TC_Flipkart_01.superCoin(TC_Flipkart_01.java:107)
at sun.reflect.NativeMethodAccessorImpl.invoke0(Native Method)
at sun.reflect.NativeMethodAccessorImpl.invoke(NativeMethodAccessorImpl.java:62)
at sun.reflect.DelegatingMethodAccessorImpl.invoke(DelegatingMethodAccessorImpl.java:43)
at java.lang.reflect.Method.invoke(Method.java:498)
at org.testng.internal.MethodInvocationHelper.invokeMethod(MethodInvocationHelper.java:133)
at org.testng.internal.TestInvoker.invokeMethod(TestInvoker.java:598)
at org.testng.internal.TestInvoker.invokeTestMethod(TestInvoker.java:173)
at org.testng.internal.MethodRunner.runInSequence(MethodRunner.java:46)
at org.testng.internal.TestInvoker$MethodInvocationAgent.invoke(TestInvoker.java:824)
at org.testng.internal.TestInvoker.invokeTestMethods(TestInvoker.java:146)
at org.testng.internal.TestMethodWorker.invokeTestMethods(TestMethodWorker.java:146)
at org.testng.internal.TestMethodWorker.run(TestMethodWorker.java:128)
at java.util.ArrayList.forEach(ArrayList.java:1259)
at org.testng.TestRunner.privateRun(TestRunner.java:794)
at org.testng.TestRunner.run(TestRunner.java:596)
at org.testng.SuiteRunner.runTest(SuiteRunner.java:377)
at org.testng.SuiteRunner.runSequentially(SuiteRunner.java:371)
at org.testng.SuiteRunner.privateRun(SuiteRunner.java:332)
at org.testng.SuiteRunner.run(SuiteRunner.java:276)
at org.testng.SuiteRunnerWorker.runSuite(SuiteRunnerWorker.java:53)
at org.testng.SuiteRunnerWorker.run(SuiteRunnerWorker.java:96)
at org.testng.TestNG.runSuitesSequentially(TestNG.java:1212)
at org.testng.TestNG.runSuitesLocally(TestNG.java:1134)
at org.testng.TestNG.runSuites(TestNG.java:1063)
at org.testng.TestNG.run(TestNG.java:1031)
at org.testng.remote.AbstractRemoteTestNG.run(AbstractRemoteTestNG.java:115)
at org.testng.remote.RemoteTestNG.initAndRun(RemoteTestNG.java:251)
at org.testng.remote.RemoteTestNG.main(RemoteTestNG.java:77)
]]>
    </error>
  </testcase> <!-- superCoin -->
  <system-out>
    <![CDATA[count is :434 ====woooooh lets do further actions===
   =======================================================-----------

Links on pages are :https://www.flipkart.com/
Test on pages are :<br/>
Links on pages are :https://www.flipkart.com/viewcart?otracker=Cart_Icon_Click
Test on pages are :25
Cart<br/>
Links on pages are :https://www.flipkart.com/travel/flights?otracker=nmenu_Flights
Test on pages are :Flights<br/>
Links on pages are :https://www.flipkart.com/offers-store?otracker=nmenu_offer-zone
Test on pages are :Offer Zone<br/>
Links on pages are :https://www.flipkart.com/grocery-supermart-store?marketplace=GROCERY&otracker=nmenu_Grocery
Test on pages are :Grocery<br/>
Links on pages are :https://www.flipkart.com/offers-list/up-to-20-extra-discount?screen=dynamic&pk=themeViews%3DCnC-Min-10off%3ACnC-Min-10-4Grid-DT~widgetType%3DdealCard~contentType%3Dneo&wid=3.dealCard.OMU_1&otracker=clp_omu_Up%2Bto%2B20%2525%2BExtra%2BDiscount_paywith-supercoins-store_1&otracker1=clp_omu_PINNED_neo%2Fmerchandising_Up%2Bto%2B20%2525%2BExtra%2BDiscount_NA_wc_view-all_1
Test on pages are :VIEW ALL<br/>
Links on pages are :https://www.flipkart.com/eyewear/pr?sid=u73&p%5B%5D=facets.price_range.from%3D199&p%5B%5D=facets.price_range.to%3DMax&hpid=G1xuOQ8256iYkhmrrshZIKp7_Hsxr70nj65vMAAFKlc=&fm=neo%2Fmerchandising&iid=M_a2c9faf5-dead-48b3-93ff-37c0681f4c20_3.N7GUSMWLKBRX&ppt=None&ppn=None&ssid=yqw1jd989s0000001631699259184&otracker=clp_omu_Up%2Bto%2B20%2525%2BExtra%2BDiscount_1_3.dealCard.OMU_paywith-supercoins-store_paywith-supercoins-store_N7GUSMWLKBRX_1&otracker1=clp_omu_PINNED_neo%2Fmerchandising_Up%2Bto%2B20%2525%2BExtra%2BDiscount_NA_dealCard_cc_1_NA_view-all_1&cid=N7GUSMWLKBRX
Test on pages are :ROYAL SON, VAST & more
From ₹199
Frames<br/>
Links on pages are :https://www.flipkart.com/home-furnishing/bed-linen-blankets/blankets/~cs-qix0pqx1ol/pr?sid=jra%2Cknw%2Cllw&p%5B%5D=facets.fulfilled_by%255B%255D%3DFlipkart%2BAssured&p%5B%5D=facets.price_range.from%3DMin&p%5B%5D=facets.price_range.to%3DMax&p%5B%5D=facets.cnc%255B%255D%3DSuperCoins%2BPrice&hpid=h1wiWQK5H9NA_XKlgVmcCqp7_Hsxr70nj65vMAAFKlc=&fm=neo%2Fmerchandising&iid=M_a2c9faf5-dead-48b3-93ff-37c0681f4c20_3.9L9WZRF99A2W&ppt=None&ppn=None&ssid=yqw1jd989s0000001631699259184&otracker=clp_omu_Up%2Bto%2B20%2525%2BExtra%2BDiscount_2_3.dealCard.OMU_paywith-supercoins-store_paywith-supercoins-store_9L9WZRF99A2W_1&otracker1=clp_omu_PINNED_neo%2Fmerchandising_Up%2Bto%2B20%2525%2BExtra%2BDiscount_NA_dealCard_cc_2_NA_view-all_1&cid=9L9WZRF99A2W
Test on pages are :Blankets
Upto 75% Off
Colorful Range<br/>
Links on pages are :https://www.flipkart.com/kamal-bathroom-straight-shelf-18-inch-neo-plastic-wall/p/itmexajhguyfgm4u?pid=RSFEX9RGQXY9UC62&lid=LSTRSFEX9RGQXY9UC62NMUEDV&fm=neo%2Fmerchandising&iid=M_a2c9faf5-dead-48b3-93ff-37c0681f4c20_3.5MNWK1J23XZE&ppt=None&ppn=None&ssid=yqw1jd989s0000001631699259184&otracker=clp_omu_Up%2Bto%2B20%2525%2BExtra%2BDiscount_3_3.dealCard.OMU_paywith-supercoins-store_paywith-supercoins-store_5MNWK1J23XZE_1&otracker1=clp_omu_PINNED_neo%2Fmerchandising_Up%2Bto%2B20%2525%2BExtra%2BDiscount_NA_dealCard_cc_3_NA_view-all_1&cid=5MNWK1J23XZE
Test on pages are :KAMAL Bathroom Straight Shelf 18 Inch - Neo Plastic Wall Shelf
Just ₹49
₹499₹580<br/>
Links on pages are :https://www.flipkart.com/home-furnishing/bed-linen-blankets/bedsheets/~cs-qix0pqx1ol/pr?sid=jra%2Cknw%2Cqcw&p%5B%5D=facets.fulfilled_by%255B%255D%3DFlipkart%2BAssured&p%5B%5D=facets.cnc%255B%255D%3DSuperCoins%2BPrice&hpid=HSOE0WFPYuNvN--ItDnwo6p7_Hsxr70nj65vMAAFKlc=&fm=neo%2Fmerchandising&iid=M_a2c9faf5-dead-48b3-93ff-37c0681f4c20_3.IIZ2YBHVXD9N&ppt=None&ppn=None&ssid=yqw1jd989s0000001631699259184&otracker=clp_omu_Up%2Bto%2B20%2525%2BExtra%2BDiscount_4_3.dealCard.OMU_paywith-supercoins-store_paywith-supercoins-store_IIZ2YBHVXD9N_1&otracker1=clp_omu_PINNED_neo%2Fmerchandising_Up%2Bto%2B20%2525%2BExtra%2BDiscount_NA_dealCard_cc_4_NA_view-all_1&cid=IIZ2YBHVXD9N
Test on pages are :Bedsheets
From ₹149
Designer Range<br/>
Links on pages are :https://www.flipkart.com/home-improvement/tools-and-measuring-equipment/hand-tools/pliers/pr?sid=h1m,hww,fgi,ioz&offer=nb:mp:0778b5fd02,nb:mp:07d6471b02&fm=neo%2Fmerchandising&iid=M_a2c9faf5-dead-48b3-93ff-37c0681f4c20_3.VTNLNNUZP8C1&ppt=None&ppn=None&ssid=yqw1jd989s0000001631699259184&otracker=clp_omu_Up%2Bto%2B20%2525%2BExtra%2BDiscount_5_3.dealCard.OMU_paywith-supercoins-store_paywith-supercoins-store_VTNLNNUZP8C1_1&otracker1=clp_omu_PINNED_neo%2Fmerchandising_Up%2Bto%2B20%2525%2BExtra%2BDiscount_NA_dealCard_cc_5_NA_view-all_1&cid=VTNLNNUZP8C1
Test on pages are :Pliers
Just ₹1
Pay Coins<br/>
Links on pages are :https://www.flipkart.com/visko-514w2-garden-tool-kit/p/itmeu8hqud5fggmj?pid=GTSEU8HQVAHKDZBX&lid=LSTGTSEU8HQVAHKDZBX4S3NKD&fm=neo%2Fmerchandising&iid=M_a2c9faf5-dead-48b3-93ff-37c0681f4c20_3.R2CMUE5VU7QV&ppt=None&ppn=None&ssid=yqw1jd989s0000001631699259184&otracker=clp_omu_Up%2Bto%2B20%2525%2BExtra%2BDiscount_6_3.dealCard.OMU_paywith-supercoins-store_paywith-supercoins-store_R2CMUE5VU7QV_1&otracker1=clp_omu_PINNED_neo%2Fmerchandising_Up%2Bto%2B20%2525%2BExtra%2BDiscount_NA_dealCard_cc_6_NA_view-all_1&cid=R2CMUE5VU7QV
Test on pages are :VISKO 514W2 Garden Tool Kit
Just ₹49
₹349₹369<br/>
Links on pages are :https://www.flipkart.com/jackly-jk-6036-combination-screwdriver-set/p/itme4ndh4c8fycyg?pid=SCSEFG7UKJP8UEUV&lid=LSTSCSEFG7UKJP8UEUVWH6Z1H&fm=neo%2Fmerchandising&iid=M_a2c9faf5-dead-48b3-93ff-37c0681f4c20_3.H76EZ31GO7P2&ppt=None&ppn=None&ssid=yqw1jd989s0000001631699259184&otracker=clp_omu_Up%2Bto%2B20%2525%2BExtra%2BDiscount_7_3.dealCard.OMU_paywith-supercoins-store_paywith-supercoins-store_H76EZ31GO7P2_1&otracker1=clp_omu_PINNED_neo%2Fmerchandising_Up%2Bto%2B20%2525%2BExtra%2BDiscount_NA_dealCard_cc_7_NA_view-all_1&cid=H76EZ31GO7P2
Test on pages are :JACKLY JK 6036 Combination Screwdriver Set
Just ₹1
₹251₹499<br/>
Links on pages are :https://www.flipkart.com/sewing-machines/pr?sid=j9e%2Cabm%2C0zg&p%5B%5D=facets.cnc%255B%255D%3DSuperCoins%2BPrice&p%5B%5D=facets.fulfilled_by%255B%255D%3DFlipkart%2BAssured&fm=neo%2Fmerchandising&iid=M_a2c9faf5-dead-48b3-93ff-37c0681f4c20_3.F62CW7G5J0SG&ppt=None&ppn=None&ssid=yqw1jd989s0000001631699259184&otracker=clp_omu_Up%2Bto%2B20%2525%2BExtra%2BDiscount_8_3.dealCard.OMU_paywith-supercoins-store_paywith-supercoins-store_F62CW7G5J0SG_1&otracker1=clp_omu_PINNED_neo%2Fmerchandising_Up%2Bto%2B20%2525%2BExtra%2BDiscount_NA_dealCard_cc_8_NA_view-all_1&cid=F62CW7G5J0SG
Test on pages are :Sewing Machines
Shop Now!
Make a New Hobby!<br/>
Links on pages are :https://www.flipkart.com/offers-list/budget-deals?screen=dynamic&pk=themeViews%3DCnC-BudgetDeals%3ACnC-BudgetDeals-DT~widgetType%3DdealCard~contentType%3Dneo&wid=4.dealCard.OMU_2&otracker=clp_omu_Budget%2BDeals_paywith-supercoins-store_2&otracker1=clp_omu_PINNED_neo%2Fmerchandising_Budget%2BDeals_NA_wc_view-all_2
Test on pages are :VIEW ALL<br/>
Links on pages are :https://www.flipkart.com/search?sid=zlw&p%5B%5D=facets.cnc%255B%255D%3DSuperCoins%2BPrice&p%5B%5D=facets.brand%255B%255D%3DFlipkart%2BSmartBuy&p%5B%5D=facets.brand%255B%255D%3DOral-B&p%5B%5D=facets.brand%255B%255D%3DLifelong&p%5B%5D=facets.brand%255B%255D%3Drealme&p%5B%5D=facets.brand%255B%255D%3DColgate&fm=neo%2Fmerchandising&iid=M_a2c9faf5-dead-48b3-93ff-37c0681f4c20_4.H6Z02VMD6XUN&ppt=None&ppn=None&ssid=yqw1jd989s0000001631699259184&otracker=clp_omu_Budget%2BDeals_1_4.dealCard.OMU_paywith-supercoins-store_paywith-supercoins-store_H6Z02VMD6XUN_2&otracker1=clp_omu_PINNED_neo%2Fmerchandising_Budget%2BDeals_NA_dealCard_cc_1_NA_view-all_2&cid=H6Z02VMD6XUN
Test on pages are :Styling & Health Care Devices
From ₹249
Extra 5% off on Super Coins<br/>
Links on pages are :https://www.flipkart.com/chimney/pr?sid=j9e%2Cm38%2Ctgz&p%5B%5D=facets.cnc%255B%255D%3DSuperCoins%2BPrice&p%5B%5D=facets.fulfilled_by%255B%255D%3DFlipkart%2BAssured&fm=neo%2Fmerchandising&iid=M_a2c9faf5-dead-48b3-93ff-37c0681f4c20_4.EFQ4YUGX76EV&ppt=None&ppn=None&ssid=yqw1jd989s0000001631699259184&otracker=clp_omu_Budget%2BDeals_2_4.dealCard.OMU_paywith-supercoins-store_paywith-supercoins-store_EFQ4YUGX76EV_2&otracker1=clp_omu_PINNED_neo%2Fmerchandising_Budget%2BDeals_NA_dealCard_cc_2_NA_view-all_2&cid=EFQ4YUGX76EV
Test on pages are :Kitchen Chimneys
Shop Now!
Top Brands!<br/>
Links on pages are :https://www.flipkart.com/home-kitchen/kitchen-appliances/microwave-ovens/~cs-czjgpiv7tz/pr?sid=j9e%2Cm38%2Co49&p%5B%5D=facets.fulfilled_by%255B%255D%3DFlipkart%2BAssured&fm=neo%2Fmerchandising&iid=M_a2c9faf5-dead-48b3-93ff-37c0681f4c20_4.J1SRH6YNV0WO&ppt=None&ppn=None&ssid=yqw1jd989s0000001631699259184&otracker=clp_omu_Budget%2BDeals_3_4.dealCard.OMU_paywith-supercoins-store_paywith-supercoins-store_J1SRH6YNV0WO_2&otracker1=clp_omu_PINNED_neo%2Fmerchandising_Budget%2BDeals_NA_dealCard_cc_3_NA_view-all_2&cid=J1SRH6YNV0WO
Test on pages are :Microwaves
Shop Now!
Cooking Made Easy!<br/>
Links on pages are :https://www.flipkart.com/air-purifiers/pr?sid=j9e%2Cabm%2C3o4&p%5B%5D=facets.cnc%255B%255D%3DSuperCoins%2BPrice&p%5B%5D=facets.fulfilled_by%255B%255D%3DFlipkart%2BAssured&fm=neo%2Fmerchandising&iid=M_a2c9faf5-dead-48b3-93ff-37c0681f4c20_4.4ZVNIKQKU9AJ&ppt=None&ppn=None&ssid=yqw1jd989s0000001631699259184&otracker=clp_omu_Budget%2BDeals_4_4.dealCard.OMU_paywith-supercoins-store_paywith-supercoins-store_4ZVNIKQKU9AJ_2&otracker1=clp_omu_PINNED_neo%2Fmerchandising_Budget%2BDeals_NA_dealCard_cc_4_NA_view-all_2&cid=4ZVNIKQKU9AJ
Test on pages are :Top Air Purifiers
Shop Now!
Breathe Fresh & Clean!<br/>
Links on pages are :https://www.flipkart.com/water-purifiers/pr?sid=j9e%2Cabm%2Ci45&p%5B%5D=facets.cnc%255B%255D%3DSuperCoins%2BPrice&p%5B%5D=facets.fulfilled_by%255B%255D%3DFlipkart%2BAssured&fm=neo%2Fmerchandising&iid=M_a2c9faf5-dead-48b3-93ff-37c0681f4c20_4.8I49H8LGQU8W&ppt=None&ppn=None&ssid=yqw1jd989s0000001631699259184&otracker=clp_omu_Budget%2BDeals_5_4.dealCard.OMU_paywith-supercoins-store_paywith-supercoins-store_8I49H8LGQU8W_2&otracker1=clp_omu_PINNED_neo%2Fmerchandising_Budget%2BDeals_NA_dealCard_cc_5_NA_view-all_2&cid=8I49H8LGQU8W
Test on pages are :Top Water Purifiers
Shop Now!
Drink Pure | Stay Healthy!<br/>
Links on pages are :https://www.flipkart.com/mobile-accessories/power-banks/pr?sid=tyy%2C4mr%2Cfu6&p%5B%5D=facets.cnc%255B%255D%3DSuperCoins%2BPrice&fm=neo%2Fmerchandising&iid=M_a2c9faf5-dead-48b3-93ff-37c0681f4c20_4.CO8N31MPH19Z&ppt=None&ppn=None&ssid=yqw1jd989s0000001631699259184&otracker=clp_omu_Budget%2BDeals_6_4.dealCard.OMU_paywith-supercoins-store_paywith-supercoins-store_CO8N31MPH19Z_2&otracker1=clp_omu_PINNED_neo%2Fmerchandising_Budget%2BDeals_NA_dealCard_cc_6_NA_view-all_2&cid=CO8N31MPH19Z
Test on pages are :Powerbanks
Min Extra 5% Off
Upto 60% Off<br/>
Links on pages are :https://www.flipkart.com/helpcentre?otracker=undefined_footer_navlinks
Test on pages are :Contact Us<br/>
Links on pages are :https://www.flipkart.com/about-us?otracker=undefined_footer_navlinks
Test on pages are :About Us<br/>
Links on pages are :https://www.flipkartcareers.com/?otracker=undefined_footer_navlinks
Test on pages are :Careers<br/>
Links on pages are :http://stories.flipkart.com/?otracker=undefined_footer_navlinks
Test on pages are :Flipkart Stories<br/>
Links on pages are :https://www.flipkart.com/s/press?otracker=undefined_footer_navlinks
Test on pages are :Press<br/>
Links on pages are :https://www.flipkartwholesale.com/?otracker=undefined_footer_navlinks
Test on pages are :Flipkart Wholesale<br/>
Links on pages are :https://www.flipkart.com/corporate-information
Test on pages are :Corporate Information<br/>
Links on pages are :https://www.flipkart.com/pages/payments
Test on pages are :Payments<br/>
Links on pages are :https://www.flipkart.com/pages/shipping
Test on pages are :Shipping<br/>
Links on pages are :https://www.flipkart.com/helpcentre?catalog=55c9c6edb000002e002c1701&view=CATALOG
Test on pages are :Cancellation & Returns<br/>
Links on pages are :https://www.flipkart.com/helpcentre?catalog=55c9c8e2b0000023002c1702&view=CATALOG
Test on pages are :FAQ<br/>
Links on pages are :https://seller.flipkart.com/fiv?otracker=undefined_footer_navlinks
Test on pages are :Report Infringement<br/>
Links on pages are :https://www.flipkart.com/pages/returnpolicy?otracker=undefined_footer_navlinks
Test on pages are :Return Policy<br/>
Links on pages are :https://www.flipkart.com/pages/terms?otracker=undefined_footer_navlinks
Test on pages are :Terms Of Use<br/>
Links on pages are :https://www.flipkart.com/pages/paymentsecurity?otracker=undefined_footer_navlinks
Test on pages are :Security<br/>
Links on pages are :https://www.flipkart.com/pages/privacypolicy?otracker=undefined_footer_navlinks
Test on pages are :Privacy<br/>
Links on pages are :https://www.flipkart.com/sitemap?otracker=undefined_footer_navlinks
Test on pages are :Sitemap<br/>
Links on pages are :https://www.flipkart.com/pages/ewaste-compliance-tnc?otracker=undefined_footer_navlinks
Test on pages are :EPR Compliance<br/>
Links on pages are :https://www.facebook.com/flipkart
Test on pages are :Facebook<br/>
Links on pages are :https://www.twitter.com/flipkart
Test on pages are :Twitter<br/>
Links on pages are :https://www.youtube.com/flipkart
Test on pages are :YouTube<br/>
Links on pages are :tel:18002029898
Test on pages are :1800 202 9898<br/>
Links on pages are :https://seller.flipkart.com/?utm_source=fkwebsite&utm_medium=websitedirect
Test on pages are :Sell On Flipkart<br/>
Links on pages are :https://brands.flipkart.com/
Test on pages are :Advertise<br/>
Links on pages are :https://www.flipkart.com/the-gift-card-store?otracker=undefined_footer_footer_navlinks
Test on pages are :Gift Cards<br/>
Links on pages are :https://www.flipkart.com/helpcentre?otracker=undefined_footer_footer_navlinks
Test on pages are :Help Center<br/>
Links on pages are :https://www.flipkart.com/paywith-supercoins-store?_pxhc=1631699257614
Test on pages are :<br/>]]>
  </system-out>
  <testcase name="handleLgOut" time="8.680" classname="com.qa.testScripts.TC_Flipkart_01"/>
  <system-out>
    <![CDATA[========LOGED OUT SUCCESFULL==========]]>
  </system-out>
</testsuite> <!-- com.qa.testScripts.TC_Flipkart_01 -->
