<?xml version="1.0" encoding="UTF-8"?>
<!-- Generated by org.testng.reporters.JUnitReportReporter -->
<testsuite skipped="0" hostname="Anees" name="com.qa.testScripts.TC_Appliances_01" tests="1" failures="0" timestamp="2021-09-16T14:04:56 IST" time="27.410" errors="0">
  <testcase name="handleAppliances" time="27.410" classname="com.qa.testScripts.TC_Appliances_01"/>
  <system-out>
    <![CDATA[The Searched Item is: Presesnt ]]>
  </system-out>
</testsuite> <!-- com.qa.testScripts.TC_Appliances_01 -->
