<?xml version="1.0" encoding="UTF-8"?>
<!-- Generated by org.testng.reporters.JUnitReportReporter -->
<testsuite skipped="0" hostname="Anees" name="com.qa.testScripts.TC_Mobiles_01" tests="1" failures="0" timestamp="2021-09-16T16:50:35 IST" time="25.064" errors="0">
  <testcase name="purschaseItem" time="25.064" classname="com.qa.testScripts.TC_Mobiles_01"/>
  <system-out>
    <![CDATA[Relevance
The Searched Item is: Presesnt ]]>
  </system-out>
</testsuite> <!-- com.qa.testScripts.TC_Mobiles_01 -->
