<?xml version="1.0" encoding="UTF-8"?>
<!-- Generated by org.testng.reporters.JUnitReportReporter -->
<testsuite skipped="0" hostname="Anees" name="com.qa.testScripts.TC_Flipkart_04" tests="3" failures="0" timestamp="2021-09-14T17:08:43 IST" time="45.554" errors="0">
  <testcase name="logingLogin" time="3.264" classname="com.qa.testScripts.TC_Flipkart_04"/>
  <system-out/>
  <testcase name="handleSearchItems" time="34.916" classname="com.qa.testScripts.TC_Flipkart_04"/>
  <system-out/>
  <testcase name="logingOut" time="7.374" classname="com.qa.testScripts.TC_Flipkart_04"/>
  <system-out/>
</testsuite> <!-- com.qa.testScripts.TC_Flipkart_04 -->
