<?xml version="1.0" encoding="UTF-8"?>
<!-- Generated by org.testng.reporters.JUnitReportReporter -->
<testsuite skipped="0" hostname="Anees" name="com.qa.testScripts.AutomateFlipkartApplication" tests="1" failures="0" timestamp="2021-09-13T10:36:34 IST" time="165.273" errors="0">
  <testcase name="bookingFlightTct" time="165.273" classname="com.qa.testScripts.AutomateFlipkartApplication"/>
  <system-out/>
</testsuite> <!-- com.qa.testScripts.AutomateFlipkartApplication -->
